<?xml version="1.0" encoding="UTF-8"?>
<!-- Generated by org.testng.reporters.JUnitReportReporter -->
<testsuite hostname="TYSS-Gali-Sai-Vasavi" failures="0" tests="1" name="TestNG.Demo" time="0.029" errors="0" timestamp="2023-12-11T10:53:01 IST" skipped="0">
  <testcase classname="TestNG.Demo" name="sample" time="0.029"/>
  <system-out>
    <![CDATA[TestNg classExecuted...]]>
  </system-out>
</testsuite> <!-- TestNG.Demo -->
