<?xml version="1.0" encoding="UTF-8"?>
<!-- Generated by org.testng.reporters.JUnitReportReporter -->
<testsuite hostname="TYSS-Gali-Sai-Vasavi" failures="0" tests="1" name="TestNG.flipkart" time="4.253" errors="0" timestamp="2023-12-13T14:57:10 IST" skipped="0">
  <testcase classname="TestNG.flipkart" name="Login" time="4.253"/>
  <system-out/>
</testsuite> <!-- TestNG.flipkart -->
