<?xml version="1.0" encoding="UTF-8"?>
<!-- Generated by org.testng.reporters.JUnitReportReporter -->
<testsuite hostname="TYSS-Gali-Sai-Vasavi" failures="0" tests="2" name="Dataproviders.LoginTest" time="8.239" errors="0" timestamp="2023-12-12T12:16:22 IST" skipped="0">
  <testcase classname="Dataproviders.LoginTest" name="Login" time="4.768"/>
  <system-out/>
  <testcase classname="Dataproviders.LoginTest" name="Login" time="3.471"/>
  <system-out/>
</testsuite> <!-- Dataproviders.LoginTest -->
