<?xml version="1.0" encoding="UTF-8"?>
<!-- Generated by org.testng.reporters.JUnitReportReporter -->
<testsuite hostname="TYSS-Gali-Sai-Vasavi" failures="0" tests="1" name="TestNG.myntra" time="4.075" errors="0" timestamp="2023-12-13T14:26:28 IST" skipped="0">
  <testcase classname="TestNG.myntra" name="Login" time="4.075"/>
  <system-out/>
</testsuite> <!-- TestNG.myntra -->
